[debug] [2023-06-17T12:22:45.980Z] ----------------------------------------------------------------------
[debug] [2023-06-17T12:22:45.982Z] Command:       C:\Program Files\nodejs\node.exe C:\Users\nobua\AppData\Roaming\npm\node_modules\firebase-tools\lib\bin\firebase.js login --reauth
[debug] [2023-06-17T12:22:45.982Z] CLI Version:   9.10.0
[debug] [2023-06-17T12:22:45.982Z] Platform:      win32
[debug] [2023-06-17T12:22:45.982Z] Node Version:  v14.16.1
[debug] [2023-06-17T12:22:45.983Z] Time:          Sat Jun 17 2023 21:22:45 GMT+0900 (日本標準時)
[debug] [2023-06-17T12:22:45.983Z] ----------------------------------------------------------------------
[debug] 
[info] 
[info] Visit this URL on this device to log in:
[info] https://accounts.google.com/o/oauth2/auth?client_id=563584335869-fgrhgmd47bqnekij5i8b5pr03ho849e6.apps.googleusercontent.com&scope=email%20openid%20https%3A%2F%2Fwww.googleapis.com%2Fauth%2Fcloudplatformprojects.readonly%20https%3A%2F%2Fwww.googleapis.com%2Fauth%2Ffirebase%20https%3A%2F%2Fwww.googleapis.com%2Fauth%2Fcloud-platform&response_type=code&state=770174005&redirect_uri=http%3A%2F%2Flocalhost%3A9005&login_hint=nobuaki.kuwabara3%40gmail.com
[info] 
[info] Waiting for authentication...
[debug] [2023-06-17T12:22:55.081Z] >>> HTTP REQUEST POST https://accounts.google.com/o/oauth2/token  
 {"code":"4/0AbUR2VOML6_z1dGiyzpvGMMyOg49YlXgUFyD7UIFl25BddfkIjaPzi7_5tcbvs2JTS5unQ","client_id":"563584335869-fgrhgmd47bqnekij5i8b5pr03ho849e6.apps.googleusercontent.com","client_secret":"j9iVZfS8kkCEFUPaAeJV0sAi","redirect_uri":"http://localhost:9005","grant_type":"authorization_code"}
[debug] [2023-06-17T12:23:16.159Z] Token Fetch Error: FirebaseError: Server Error. connect ETIMEDOUT 142.250.76.141:443
    at Request._callback (C:\Users\nobua\AppData\Roaming\npm\node_modules\firebase-tools\lib\api.js:32:31)
    at self.callback (C:\Users\nobua\AppData\Roaming\npm\node_modules\firebase-tools\node_modules\request\request.js:185:22)
    at Request.emit (events.js:315:20)
    at Request.EventEmitter.emit (domain.js:467:12)
    at Request.onRequestError (C:\Users\nobua\AppData\Roaming\npm\node_modules\firebase-tools\node_modules\request\request.js:877:8)
    at ClientRequest.emit (events.js:315:20)
    at ClientRequest.EventEmitter.emit (domain.js:467:12)
    at TLSSocket.socketErrorListener (_http_client.js:469:9)
    at TLSSocket.emit (events.js:315:20)
    at TLSSocket.EventEmitter.emit (domain.js:467:12)
    at emitErrorNT (internal/streams/destroy.js:106:8)
    at emitErrorCloseNT (internal/streams/destroy.js:74:3)
    at processTicksAndRejections (internal/process/task_queues.js:80:21)
[info] 
[info] Visit this URL on any device to log in:
[info] https://accounts.google.com/o/oauth2/auth?client_id=563584335869-fgrhgmd47bqnekij5i8b5pr03ho849e6.apps.googleusercontent.com&scope=email%20openid%20https%3A%2F%2Fwww.googleapis.com%2Fauth%2Fcloudplatformprojects.readonly%20https%3A%2F%2Fwww.googleapis.com%2Fauth%2Ffirebase%20https%3A%2F%2Fwww.googleapis.com%2Fauth%2Fcloud-platform&response_type=code&state=770174005&redirect_uri=urn%3Aietf%3Awg%3Aoauth%3A2.0%3Aoob&login_hint=nobuaki.kuwabara3%40gmail.com
[info] 
